05/04/2024 22:24:51: Starting tournament f44fa9c1552c4737b426ace94d20f5cb (nr. 0) on instance /data/instances/travellingsalesman/instance_3.json
05/04/2024 22:24:54: Results of this tournament: {'2fb6f54438014e2f87878b515e886203': Configuration(id='2fb6f54438014e2f87878b515e886203', conf={'-ps': 'two_opt', '-a': 0.9, '-mni': 3, '-miim': 10}, features=[]), '9128b5e97c094df68fe09c00b9c73e8d': Configuration(id='9128b5e97c094df68fe09c00b9c73e8d', conf={'-ps': 'two_opt', '-a': 0.581003293696925, '-mni': 8, '-miim': 84}, features=[]), '662dfd34da7a4c0fb5115b23549118a3': Configuration(id='662dfd34da7a4c0fb5115b23549118a3', conf={'-ps': 'ps2', '-a': 0.8738036833418706, '-mni': 14, '-miim': 46}, features=[]), 'b00d81290c0d48e1b45e014b3d968267': Configuration(id='b00d81290c0d48e1b45e014b3d968267', conf={'-ps': 'ps3', '-a': 0.8664823807698799, '-mni': 23, '-miim': 29}, features=[]), '0be5a313da1148068034e64074a721d8': Configuration(id='0be5a313da1148068034e64074a721d8', conf={'-ps': 'ps3', '-a': 0.13526265647012417, '-mni': 40, '-miim': 62}, features=[]), 'b89c93a5997e4b85b1abbe2c81f83110': Configuration(id='b89c93a5997e4b85b1abbe2c81f83110', conf={'-ps': 'two_opt', '-a': 0.9622582393131589, '-mni': 68, '-miim': 100}, features=[]), '4f0b573d404249b79d25055283586427': Configuration(id='4f0b573d404249b79d25055283586427', conf={'-ps': 'ps1', '-a': 0.7868584134237887, '-mni': 40, '-miim': 100}, features=[]), '3415fb87b6b34cdaa1edb6dd0ccd9ba3': Configuration(id='3415fb87b6b34cdaa1edb6dd0ccd9ba3', conf={'-ps': 'ps6', '-a': 0.5831479709396219, '-mni': 69, '-miim': 68}, features=[])} [[1167.4109512384416, 0.06215466698631644], [1167.4109512384416, 0.17391475290060043], [1167.4109512384416, 0.2176340559963137], [1167.4109512384416, 0.17701757792383432], [1167.4109512384416, 0.6652969769202173], [1167.4109512384416, 1.8659670180641115], [1167.4109512384416, 0.9959221759345382], [1167.4109512384416, 1.10827448614873]] 
05/04/2024 22:24:54: Results:[1167.4109512384416, 1167.4109512384416, 1167.4109512384416, 1167.4109512384416, 1167.4109512384416, 1167.4109512384416, 1167.4109512384416, 1167.4109512384416]
Runtimes: [0.06215466698631644, 0.17391475290060043, 0.2176340559963137, 0.17701757792383432, 0.6652969769202173, 1.8659670180641115, 0.9959221759345382, 1.10827448614873]
Runtimes with overhead: [0.23, 0.44, 0.47, 0.43, 1.04, 2.5, 1.47, 1.58]
05/04/2024 22:24:54: Winner of tournament f44fa9c1552c4737b426ace94d20f5cb (nr. 0) is b89c93a5997e4b85b1abbe2c81f83110
05/04/2024 22:24:54: Starting tournament da3f7de065414e97b10fb5a13beef230 (nr. 1) on instance /data/instances/travellingsalesman/instance_4.json
05/04/2024 22:25:00: Tried killing pid 2119453 - [Errno 3] No such process - It was run with configuration 2fb6f54438014e2f87878b515e886203
05/04/2024 22:25:00: Tried killing pid 2119459 - [Errno 3] No such process - It was run with configuration 4f0b573d404249b79d25055283586427
05/04/2024 22:25:00: Tried killing pid 2119465 - [Errno 3] No such process - It was run with configuration 662dfd34da7a4c0fb5115b23549118a3
05/04/2024 22:25:00: Tried killing pid 2119470 - [Errno 3] No such process - It was run with configuration b89c93a5997e4b85b1abbe2c81f83110
05/04/2024 22:25:00: Tried killing pid 2119480 - [Errno 3] No such process - It was run with configuration 11fa2032c8c447b099351d2250399b50
05/04/2024 22:25:00: Tried killing pid 2119482 - [Errno 3] No such process - It was run with configuration 7b9408da090f436e9c194be3a2a52797
05/04/2024 22:25:00: Tried killing pid 2119492 - [Errno 3] No such process - It was run with configuration 97122cf2401a432da8f1206096b71ac7
05/04/2024 22:25:00: Tried killing pid 2119493 - [Errno 3] No such process - It was run with configuration ed6c0c54de644e5e8ce23d2d27b57366
05/04/2024 22:25:00: Results of this tournament: {'2fb6f54438014e2f87878b515e886203': Configuration(id='2fb6f54438014e2f87878b515e886203', conf={'-ps': 'two_opt', '-a': 0.9, '-mni': 3, '-miim': 10}, features=[]), '4f0b573d404249b79d25055283586427': Configuration(id='4f0b573d404249b79d25055283586427', conf={'-ps': 'ps1', '-a': 0.7868584134237887, '-mni': 40, '-miim': 100}, features=[]), '662dfd34da7a4c0fb5115b23549118a3': Configuration(id='662dfd34da7a4c0fb5115b23549118a3', conf={'-ps': 'ps2', '-a': 0.8738036833418706, '-mni': 14, '-miim': 46}, features=[]), 'b89c93a5997e4b85b1abbe2c81f83110': Configuration(id='b89c93a5997e4b85b1abbe2c81f83110', conf={'-ps': 'two_opt', '-a': 0.9622582393131589, '-mni': 68, '-miim': 100}, features=[]), '11fa2032c8c447b099351d2250399b50': Configuration(id='11fa2032c8c447b099351d2250399b50', conf={'-ps': 'ps5', '-a': 0.11295961009605957, '-mni': 42, '-miim': 62}, features=[]), '7b9408da090f436e9c194be3a2a52797': Configuration(id='7b9408da090f436e9c194be3a2a52797', conf={'-ps': 'two_opt', '-a': 0.6050408936041027, '-mni': 80, '-miim': 61}, features=[]), '97122cf2401a432da8f1206096b71ac7': Configuration(id='97122cf2401a432da8f1206096b71ac7', conf={'-ps': 'two_opt', '-a': 0.23363408605113076, '-mni': 6, '-miim': 9}, features=[]), 'ed6c0c54de644e5e8ce23d2d27b57366': Configuration(id='ed6c0c54de644e5e8ce23d2d27b57366', conf={'-ps': 'ps2', '-a': 0.5224453557808296, '-mni': 8, '-miim': 9}, features=[])} [[1738.1161646794915, 0.5728524450678378], [1738.1161646794915, 1.4598898908589035], [1738.1161646794915, 0.7079764809459448], [1738.1161646794915, 3.566702547017485], [1738.1161646794915, 0.9536742698401213], [1738.1161646794915, 1.6840315889567137], [1738.1161646794915, 0.05991026293486357], [1738.1161646794915, 0.11381025798618793]] 
05/04/2024 22:25:00: Results:[1738.1161646794915, 1738.1161646794915, 1738.1161646794915, 1738.1161646794915, 1738.1161646794915, 1738.1161646794915, 1738.1161646794915, 1738.1161646794915]
Runtimes: [0.5728524450678378, 1.4598898908589035, 0.7079764809459448, 3.566702547017485, 0.9536742698401213, 1.6840315889567137, 0.05991026293486357, 0.11381025798618793]
Runtimes with overhead: [0.92, 2.04, 1.12, 4.56, 1.42, 2.35, 0.27, 0.34]
05/04/2024 22:25:00: Winner of tournament da3f7de065414e97b10fb5a13beef230 (nr. 1) is b89c93a5997e4b85b1abbe2c81f83110
05/04/2024 22:25:00: Starting tournament d73f46bb612f42e79e29b2821314c991 (nr. 2) on instance /data/instances/travellingsalesman/instance_5.json
05/04/2024 22:25:06: Tried killing pid 2119692 - [Errno 3] No such process - It was run with configuration 2fb6f54438014e2f87878b515e886203
05/04/2024 22:25:06: Tried killing pid 2119696 - [Errno 3] No such process - It was run with configuration ed6c0c54de644e5e8ce23d2d27b57366
05/04/2024 22:25:06: Tried killing pid 2119701 - [Errno 3] No such process - It was run with configuration 58d14b9cd649440ea7ba23db20285fac
05/04/2024 22:25:06: Tried killing pid 2119708 - [Errno 3] No such process - It was run with configuration 04d41383b4fa414ca0f7281f1a66fa39
05/04/2024 22:25:06: Tried killing pid 2119713 - [Errno 3] No such process - It was run with configuration dbf875a162ad4c919d64186ed3320284
05/04/2024 22:25:06: Tried killing pid 2119727 - [Errno 3] No such process - It was run with configuration 0c65f6c3a51c407cb1269a03b2d33192
05/04/2024 22:25:06: Tried killing pid 2119729 - [Errno 3] No such process - It was run with configuration e8150bff677f4a0c900b462fc1ce38f2
05/04/2024 22:25:06: Tried killing pid 2119730 - [Errno 3] No such process - It was run with configuration 7147decce9e14e25bc79f66028ca55e5
05/04/2024 22:25:06: Results of this tournament: {'2fb6f54438014e2f87878b515e886203': Configuration(id='2fb6f54438014e2f87878b515e886203', conf={'-ps': 'two_opt', '-a': 0.9, '-mni': 3, '-miim': 10}, features=[]), 'ed6c0c54de644e5e8ce23d2d27b57366': Configuration(id='ed6c0c54de644e5e8ce23d2d27b57366', conf={'-ps': 'ps2', '-a': 0.5224453557808296, '-mni': 8, '-miim': 9}, features=[]), '58d14b9cd649440ea7ba23db20285fac': Configuration(id='58d14b9cd649440ea7ba23db20285fac', conf={'-ps': 'ps3', '-a': 0.24112027753670456, '-mni': 5, '-miim': 28}, features=[]), '04d41383b4fa414ca0f7281f1a66fa39': Configuration(id='04d41383b4fa414ca0f7281f1a66fa39', conf={'-ps': 'ps3', '-a': 0.26457801029344097, '-mni': 74, '-miim': 57}, features=[]), 'dbf875a162ad4c919d64186ed3320284': Configuration(id='dbf875a162ad4c919d64186ed3320284', conf={'-ps': 'ps6', '-a': 0.6520991560998336, '-mni': 42, '-miim': 100}, features=[]), '0c65f6c3a51c407cb1269a03b2d33192': Configuration(id='0c65f6c3a51c407cb1269a03b2d33192', conf={'-ps': 'ps6', '-a': 0.5701284320016942, '-mni': 24, '-miim': 53}, features=[]), 'e8150bff677f4a0c900b462fc1ce38f2': Configuration(id='e8150bff677f4a0c900b462fc1ce38f2', conf={'-ps': 'two_opt', '-a': 0.23363408605113076, '-mni': 14, '-miim': 9}, features=[]), '7147decce9e14e25bc79f66028ca55e5': Configuration(id='7147decce9e14e25bc79f66028ca55e5', conf={'-ps': 'ps1', '-a': 0.7868584134237887, '-mni': 88, '-miim': 100}, features=[])} [[2112.058922028633, 0.054135489044710994], [2112.058922028633, 0.0736230299808085], [2112.058922028633, 0.06443141400814056], [2112.058922028633, 1.6819391457829624], [2112.058922028633, 1.7139526470564306], [2112.058922028633, 0.502673742827028], [2112.058922028633, 0.0514934710226953], [2341.922842087749, 3.3581798609811813]] 
05/04/2024 22:25:06: Results:[2112.058922028633, 2112.058922028633, 2112.058922028633, 2112.058922028633, 2112.058922028633, 2112.058922028633, 2112.058922028633, 2341.922842087749]
Runtimes: [0.054135489044710994, 0.0736230299808085, 0.06443141400814056, 1.6819391457829624, 1.7139526470564306, 0.502673742827028, 0.0514934710226953, 3.3581798609811813]
Runtimes with overhead: [0.29, 0.26, 0.29, 2.29, 2.36, 0.87, 0.32, 4.33]
05/04/2024 22:25:06: Winner of tournament d73f46bb612f42e79e29b2821314c991 (nr. 2) is dbf875a162ad4c919d64186ed3320284
05/04/2024 22:25:06: Starting tournament db91652675ce4f3594ccec0f63dbbe68 (nr. 3) on instance /data/instances/travellingsalesman/instance_6.json
05/04/2024 22:25:09: Results of this tournament: {'2fb6f54438014e2f87878b515e886203': Configuration(id='2fb6f54438014e2f87878b515e886203', conf={'-ps': 'two_opt', '-a': 0.9, '-mni': 3, '-miim': 10}, features=[]), 'ed6c0c54de644e5e8ce23d2d27b57366': Configuration(id='ed6c0c54de644e5e8ce23d2d27b57366', conf={'-ps': 'ps2', '-a': 0.5224453557808296, '-mni': 8, '-miim': 9}, features=[]), 'b1a39dd0140c4b9a87d61f7922f7d5bf': Configuration(id='b1a39dd0140c4b9a87d61f7922f7d5bf', conf={'-ps': 'ps2', '-a': 0.9293447473363363, '-mni': 66, '-miim': 14}, features=[]), '2c1a6f94f65a4ca286401a16639e1961': Configuration(id='2c1a6f94f65a4ca286401a16639e1961', conf={'-ps': 'ps2', '-a': 0.31048411134903625, '-mni': 22, '-miim': 65}, features=[]), '500619a53c974de3a3828dcdfd7942a7': Configuration(id='500619a53c974de3a3828dcdfd7942a7', conf={'-ps': 'ps6', '-a': 0.6444324613531359, '-mni': 45, '-miim': 50}, features=[]), '662dfd34da7a4c0fb5115b23549118a3': Configuration(id='662dfd34da7a4c0fb5115b23549118a3', conf={'-ps': 'ps2', '-a': 0.8738036833418706, '-mni': 14, '-miim': 46}, features=[]), 'cb6cd042c2394d6bacccf2963875217d': Configuration(id='cb6cd042c2394d6bacccf2963875217d', conf={'-ps': 'ps1', '-a': 0.07461085663529095, '-mni': 11, '-miim': 48}, features=[]), '04d41383b4fa414ca0f7281f1a66fa39': Configuration(id='04d41383b4fa414ca0f7281f1a66fa39', conf={'-ps': 'ps3', '-a': 0.26457801029344097, '-mni': 74, '-miim': 57}, features=[])} [[2589.5147405533135, 0.07450811099261045], [2589.5147405533135, 0.086991943186149], [2589.5147405533135, 0.54040722316131], [2589.5147405533135, 0.6986330170184374], [2589.5147405533135, 1.320260444888845], [2589.5147405533135, 0.4500486289616674], [2589.5147405533135, 0.2570307769346982], [2589.5147405533135, 1.8660623910836875]] 
05/04/2024 22:25:09: Results:[2589.5147405533135, 2589.5147405533135, 2589.5147405533135, 2589.5147405533135, 2589.5147405533135, 2589.5147405533135, 2589.5147405533135, 2589.5147405533135]
Runtimes: [0.07450811099261045, 0.086991943186149, 0.54040722316131, 0.6986330170184374, 1.320260444888845, 0.4500486289616674, 0.2570307769346982, 1.8660623910836875]
Runtimes with overhead: [0.28, 0.28, 0.92, 1.11, 1.8, 0.77, 0.57, 2.48]
05/04/2024 22:25:09: Winner of tournament db91652675ce4f3594ccec0f63dbbe68 (nr. 3) is 04d41383b4fa414ca0f7281f1a66fa39
05/04/2024 22:25:09: Starting tournament 4307ad33e78d4bf8a61c7d3fceaad9e1 (nr. 4) on instance /data/instances/travellingsalesman/instance_7.json
05/04/2024 22:25:15: Tried killing pid 2120165 - [Errno 3] No such process - It was run with configuration 2fb6f54438014e2f87878b515e886203
05/04/2024 22:25:15: Tried killing pid 2120171 - [Errno 3] No such process - It was run with configuration ed6c0c54de644e5e8ce23d2d27b57366
05/04/2024 22:25:15: Tried killing pid 2120176 - [Errno 3] No such process - It was run with configuration cb6cd042c2394d6bacccf2963875217d
05/04/2024 22:25:15: Tried killing pid 2120183 - [Errno 3] No such process - It was run with configuration e51808961e3a4d4ca40fafed208223c3
05/04/2024 22:25:15: Tried killing pid 2120189 - [Errno 3] No such process - It was run with configuration 8fb89943a3cf4533b4626e86d2f115ba
05/04/2024 22:25:15: Tried killing pid 2120194 - [Errno 3] No such process - It was run with configuration 662dfd34da7a4c0fb5115b23549118a3
05/04/2024 22:25:15: Tried killing pid 2120205 - [Errno 3] No such process - It was run with configuration 7d5130a6f467408fbf228805044db9f3
05/04/2024 22:25:15: Tried killing pid 2120204 - [Errno 3] No such process - It was run with configuration 2c1a6f94f65a4ca286401a16639e1961
05/04/2024 22:25:15: Results of this tournament: {'2fb6f54438014e2f87878b515e886203': Configuration(id='2fb6f54438014e2f87878b515e886203', conf={'-ps': 'two_opt', '-a': 0.9, '-mni': 3, '-miim': 10}, features=[]), 'ed6c0c54de644e5e8ce23d2d27b57366': Configuration(id='ed6c0c54de644e5e8ce23d2d27b57366', conf={'-ps': 'ps2', '-a': 0.5224453557808296, '-mni': 8, '-miim': 9}, features=[]), 'cb6cd042c2394d6bacccf2963875217d': Configuration(id='cb6cd042c2394d6bacccf2963875217d', conf={'-ps': 'ps1', '-a': 0.07461085663529095, '-mni': 11, '-miim': 48}, features=[]), 'e51808961e3a4d4ca40fafed208223c3': Configuration(id='e51808961e3a4d4ca40fafed208223c3', conf={'-ps': 'ps3', '-a': 0.8738036833418706, '-mni': 14, '-miim': 18}, features=[]), '8fb89943a3cf4533b4626e86d2f115ba': Configuration(id='8fb89943a3cf4533b4626e86d2f115ba', conf={'-ps': 'ps6', '-a': 0.8524400352647372, '-mni': 4, '-miim': 98}, features=[]), '662dfd34da7a4c0fb5115b23549118a3': Configuration(id='662dfd34da7a4c0fb5115b23549118a3', conf={'-ps': 'ps2', '-a': 0.8738036833418706, '-mni': 14, '-miim': 46}, features=[]), '7d5130a6f467408fbf228805044db9f3': Configuration(id='7d5130a6f467408fbf228805044db9f3', conf={'-ps': 'ps4', '-a': 0.646963654110193, '-mni': 83, '-miim': 80}, features=[]), '2c1a6f94f65a4ca286401a16639e1961': Configuration(id='2c1a6f94f65a4ca286401a16639e1961', conf={'-ps': 'ps2', '-a': 0.31048411134903625, '-mni': 22, '-miim': 65}, features=[])} [[2491.672737596945, 0.17271233000792563], [2491.672737596945, 0.04828996583819389], [2491.672737596945, 0.43330191308632493], [2491.672737596945, 0.4018385161180049], [2491.672737596945, 0.5187076008878648], [2491.672737596945, 0.6178336199373007], [2491.672737596945, 3.295538265025243], [2737.505494500503, 0.7891544869635254]] 
05/04/2024 22:25:15: Results:[2491.672737596945, 2491.672737596945, 2491.672737596945, 2491.672737596945, 2491.672737596945, 2491.672737596945, 2491.672737596945, 2737.505494500503]
Runtimes: [0.17271233000792563, 0.04828996583819389, 0.43330191308632493, 0.4018385161180049, 0.5187076008878648, 0.6178336199373007, 3.295538265025243, 0.7891544869635254]
Runtimes with overhead: [0.42, 0.28, 0.76, 0.66, 0.86, 0.99, 4.13, 1.26]
05/04/2024 22:25:15: Winner of tournament 4307ad33e78d4bf8a61c7d3fceaad9e1 (nr. 4) is 7d5130a6f467408fbf228805044db9f3
05/04/2024 22:25:15: Starting tournament 8be46e83793e457ba0dded7e351c35ba (nr. 5) on instance /data/instances/travellingsalesman/instance_8.json
05/04/2024 22:25:21: Tried killing pid 2120401 - [Errno 3] No such process - It was run with configuration 2fb6f54438014e2f87878b515e886203
05/04/2024 22:25:21: Tried killing pid 2120407 - [Errno 3] No such process - It was run with configuration 58d14b9cd649440ea7ba23db20285fac
05/04/2024 22:25:21: Tried killing pid 2120412 - [Errno 3] No such process - It was run with configuration 9a620977bb0447738b3c6812cfcf38d3
05/04/2024 22:25:21: Tried killing pid 2120419 - [Errno 3] No such process - It was run with configuration d736be48012842fbbd859e9c6514c6f1
05/04/2024 22:25:21: Tried killing pid 2120424 - [Errno 3] No such process - It was run with configuration ce7949af44f94b27a241efe26e5754c8
05/04/2024 22:25:21: Tried killing pid 2120432 - [Errno 3] No such process - It was run with configuration 662dfd34da7a4c0fb5115b23549118a3
05/04/2024 22:25:21: Tried killing pid 2120441 - [Errno 3] No such process - It was run with configuration 7147decce9e14e25bc79f66028ca55e5
05/04/2024 22:25:21: Tried killing pid 2120440 - [Errno 3] No such process - It was run with configuration ed6c0c54de644e5e8ce23d2d27b57366
05/04/2024 22:25:21: Results of this tournament: {'2fb6f54438014e2f87878b515e886203': Configuration(id='2fb6f54438014e2f87878b515e886203', conf={'-ps': 'two_opt', '-a': 0.9, '-mni': 3, '-miim': 10}, features=[]), '58d14b9cd649440ea7ba23db20285fac': Configuration(id='58d14b9cd649440ea7ba23db20285fac', conf={'-ps': 'ps3', '-a': 0.24112027753670456, '-mni': 5, '-miim': 28}, features=[]), '9a620977bb0447738b3c6812cfcf38d3': Configuration(id='9a620977bb0447738b3c6812cfcf38d3', conf={'-ps': 'ps5', '-a': 0.45793631126763756, '-mni': 33, '-miim': 48}, features=[]), 'd736be48012842fbbd859e9c6514c6f1': Configuration(id='d736be48012842fbbd859e9c6514c6f1', conf={'-ps': 'ps4', '-a': 0.6050408936041027, '-mni': 23, '-miim': 17}, features=[]), 'ce7949af44f94b27a241efe26e5754c8': Configuration(id='ce7949af44f94b27a241efe26e5754c8', conf={'-ps': 'ps2', '-a': 0.563647415526203, '-mni': 19, '-miim': 80}, features=[]), '662dfd34da7a4c0fb5115b23549118a3': Configuration(id='662dfd34da7a4c0fb5115b23549118a3', conf={'-ps': 'ps2', '-a': 0.8738036833418706, '-mni': 14, '-miim': 46}, features=[]), '7147decce9e14e25bc79f66028ca55e5': Configuration(id='7147decce9e14e25bc79f66028ca55e5', conf={'-ps': 'ps1', '-a': 0.7868584134237887, '-mni': 88, '-miim': 100}, features=[]), 'ed6c0c54de644e5e8ce23d2d27b57366': Configuration(id='ed6c0c54de644e5e8ce23d2d27b57366', conf={'-ps': 'ps2', '-a': 0.5224453557808296, '-mni': 8, '-miim': 9}, features=[])} [[2943.182426806419, 0.06653104815632105], [2940.491629666353, 0.1884435578249395], [2943.182426806419, 1.0356631809845567], [2940.491629666353, 0.44978868984617293], [3049.89764852295, 1.1289488330949098], [2943.182426806419, 0.6185404160059988], [3367.02782286008, 5.003423023037612], [2940.491629666353, 0.09242046601139009]] 
05/04/2024 22:25:21: Results:[2943.182426806419, 2940.491629666353, 2943.182426806419, 2940.491629666353, 3049.89764852295, 2943.182426806419, 3367.02782286008, 2940.491629666353]
Runtimes: [0.06653104815632105, 0.1884435578249395, 1.0356631809845567, 0.44978868984617293, 1.1289488330949098, 0.6185404160059988, 5.003423023037612, 0.09242046601139009]
Runtimes with overhead: [0.32, 0.42, 1.56, 0.78, 1.62, 0.98, 6.24, 0.32]
05/04/2024 22:25:21: Winner of tournament 8be46e83793e457ba0dded7e351c35ba (nr. 5) is d736be48012842fbbd859e9c6514c6f1
05/04/2024 22:25:22: Starting tournament 80139d1fdf73407d9909cb039face8de (nr. 6) on instance /data/instances/travellingsalesman/instance_9.json
05/04/2024 22:25:28: Tried killing pid 2120636 - [Errno 3] No such process - It was run with configuration 58d14b9cd649440ea7ba23db20285fac
05/04/2024 22:25:28: Tried killing pid 2120640 - [Errno 3] No such process - It was run with configuration 2fb6f54438014e2f87878b515e886203
05/04/2024 22:25:28: Tried killing pid 2120646 - [Errno 3] No such process - It was run with configuration 8e7c9ea10cc048acac04a8225868d870
05/04/2024 22:25:28: Tried killing pid 2120652 - [Errno 3] No such process - It was run with configuration d736be48012842fbbd859e9c6514c6f1
05/04/2024 22:25:28: Tried killing pid 2120659 - [Errno 3] No such process - It was run with configuration 7d5130a6f467408fbf228805044db9f3
05/04/2024 22:25:28: Tried killing pid 2120663 - [Errno 3] No such process - It was run with configuration 3e5e8c284e474768a1015e61593d467b
05/04/2024 22:25:28: Tried killing pid 2120673 - [Errno 3] No such process - It was run with configuration b1a39dd0140c4b9a87d61f7922f7d5bf
05/04/2024 22:25:28: Tried killing pid 2120674 - [Errno 3] No such process - It was run with configuration 5992d5681a874737ac9fe6813d60d145
05/04/2024 22:25:28: Results of this tournament: {'58d14b9cd649440ea7ba23db20285fac': Configuration(id='58d14b9cd649440ea7ba23db20285fac', conf={'-ps': 'ps3', '-a': 0.24112027753670456, '-mni': 5, '-miim': 28}, features=[]), '2fb6f54438014e2f87878b515e886203': Configuration(id='2fb6f54438014e2f87878b515e886203', conf={'-ps': 'two_opt', '-a': 0.9, '-mni': 3, '-miim': 10}, features=[]), '8e7c9ea10cc048acac04a8225868d870': Configuration(id='8e7c9ea10cc048acac04a8225868d870', conf={'-ps': 'ps1', '-a': 0.5954924891678492, '-mni': 31, '-miim': 58}, features=[]), 'd736be48012842fbbd859e9c6514c6f1': Configuration(id='d736be48012842fbbd859e9c6514c6f1', conf={'-ps': 'ps4', '-a': 0.6050408936041027, '-mni': 23, '-miim': 17}, features=[]), '7d5130a6f467408fbf228805044db9f3': Configuration(id='7d5130a6f467408fbf228805044db9f3', conf={'-ps': 'ps4', '-a': 0.646963654110193, '-mni': 83, '-miim': 80}, features=[]), '3e5e8c284e474768a1015e61593d467b': Configuration(id='3e5e8c284e474768a1015e61593d467b', conf={'-ps': 'ps2', '-a': 0.8738036833418706, '-mni': 14, '-miim': 46}, features=[]), 'b1a39dd0140c4b9a87d61f7922f7d5bf': Configuration(id='b1a39dd0140c4b9a87d61f7922f7d5bf', conf={'-ps': 'ps2', '-a': 0.9293447473363363, '-mni': 66, '-miim': 14}, features=[]), '5992d5681a874737ac9fe6813d60d145': Configuration(id='5992d5681a874737ac9fe6813d60d145', conf={'-ps': 'two_opt', '-a': 0.9, '-mni': 8, '-miim': 9}, features=[])} [[2855.621104635568, 0.184055580990389], [2855.621104635568, 0.22568587097339332], [3279.8205288187787, 1.4582679530140013], [2855.621104635568, 0.36328867520205677], [2855.621104635568, 4.283308163983747], [2855.621104635568, 0.9125568510498852], [2955.562389829328, 1.0257734949700534], [2855.621104635568, 0.21033736295066774]] 
05/04/2024 22:25:28: Results:[2855.621104635568, 2855.621104635568, 3279.8205288187787, 2855.621104635568, 2855.621104635568, 2855.621104635568, 2955.562389829328, 2855.621104635568]
Runtimes: [0.184055580990389, 0.22568587097339332, 1.4582679530140013, 0.36328867520205677, 4.283308163983747, 0.9125568510498852, 1.0257734949700534, 0.21033736295066774]
Runtimes with overhead: [0.44, 0.47, 2.05, 0.68, 5.33, 1.38, 1.51, 0.48]
05/04/2024 22:25:28: Winner of tournament 80139d1fdf73407d9909cb039face8de (nr. 6) is 7d5130a6f467408fbf228805044db9f3
05/04/2024 22:25:28: Starting tournament 0255229f2d2e4617b80b1a3783e69c9a (nr. 7) on instance /data/instances/travellingsalesman/instance_10.json
05/04/2024 22:25:32: Results of this tournament: {'58d14b9cd649440ea7ba23db20285fac': Configuration(id='58d14b9cd649440ea7ba23db20285fac', conf={'-ps': 'ps3', '-a': 0.24112027753670456, '-mni': 5, '-miim': 28}, features=[]), '2fb6f54438014e2f87878b515e886203': Configuration(id='2fb6f54438014e2f87878b515e886203', conf={'-ps': 'two_opt', '-a': 0.9, '-mni': 3, '-miim': 10}, features=[]), 'e51808961e3a4d4ca40fafed208223c3': Configuration(id='e51808961e3a4d4ca40fafed208223c3', conf={'-ps': 'ps3', '-a': 0.8738036833418706, '-mni': 14, '-miim': 18}, features=[]), '662dfd34da7a4c0fb5115b23549118a3': Configuration(id='662dfd34da7a4c0fb5115b23549118a3', conf={'-ps': 'ps2', '-a': 0.8738036833418706, '-mni': 14, '-miim': 46}, features=[]), 'ce7949af44f94b27a241efe26e5754c8': Configuration(id='ce7949af44f94b27a241efe26e5754c8', conf={'-ps': 'ps2', '-a': 0.563647415526203, '-mni': 19, '-miim': 80}, features=[]), 'b1a39dd0140c4b9a87d61f7922f7d5bf': Configuration(id='b1a39dd0140c4b9a87d61f7922f7d5bf', conf={'-ps': 'ps2', '-a': 0.9293447473363363, '-mni': 66, '-miim': 14}, features=[]), 'd736be48012842fbbd859e9c6514c6f1': Configuration(id='d736be48012842fbbd859e9c6514c6f1', conf={'-ps': 'ps4', '-a': 0.6050408936041027, '-mni': 23, '-miim': 17}, features=[]), '9a620977bb0447738b3c6812cfcf38d3': Configuration(id='9a620977bb0447738b3c6812cfcf38d3', conf={'-ps': 'ps5', '-a': 0.45793631126763756, '-mni': 33, '-miim': 48}, features=[])} [[2926.3067898625127, 0.27120138914324343], [2926.3067898625127, 2.665870768018067], [2926.306789862513, 1.0553989990148693], [2926.3067898625127, 1.2284792598802596], [2929.363948651122, 1.6486328730825335], [2926.306789862513, 1.2918559540994465], [2926.3067898625127, 0.5725823058746755], [2926.3067898625127, 2.964320246130228]] 
05/04/2024 22:25:32: Results:[2926.3067898625127, 2926.3067898625127, 2926.306789862513, 2926.3067898625127, 2929.363948651122, 2926.306789862513, 2926.3067898625127, 2926.3067898625127]
Runtimes: [0.27120138914324343, 2.665870768018067, 1.0553989990148693, 1.2284792598802596, 1.6486328730825335, 1.2918559540994465, 0.5725823058746755, 2.964320246130228]
Runtimes with overhead: [0.51, 3.54, 1.5, 1.74, 2.27, 1.84, 0.95, 3.84]
05/04/2024 22:25:32: Winner of tournament 0255229f2d2e4617b80b1a3783e69c9a (nr. 7) is 9a620977bb0447738b3c6812cfcf38d3
05/04/2024 22:25:32: Starting tournament 59d458db41f24077b0f08cb9e46c1aff (nr. 8) on instance /data/instances/travellingsalesman/instance_11.json
05/04/2024 22:25:38: Tried killing pid 2121116 - [Errno 3] No such process - It was run with configuration 58d14b9cd649440ea7ba23db20285fac
05/04/2024 22:25:38: Tried killing pid 2121122 - [Errno 3] No such process - It was run with configuration 9a620977bb0447738b3c6812cfcf38d3
05/04/2024 22:25:38: Tried killing pid 2121127 - [Errno 3] No such process - It was run with configuration 8e7c9ea10cc048acac04a8225868d870
05/04/2024 22:25:38: Tried killing pid 2121139 - [Errno 3] No such process - It was run with configuration 04d41383b4fa414ca0f7281f1a66fa39
05/04/2024 22:25:38: Tried killing pid 2121146 - [Errno 3] No such process - It was run with configuration d77a71ff8c19407089ada38c869382c8
05/04/2024 22:25:38: Tried killing pid 2121155 - [Errno 3] No such process - It was run with configuration 4124eb1464284e8aabccdad868b60b6f
05/04/2024 22:25:38: Tried killing pid 2121156 - [Errno 3] No such process - It was run with configuration cb6cd042c2394d6bacccf2963875217d
05/04/2024 22:25:38: Results of this tournament: {'58d14b9cd649440ea7ba23db20285fac': Configuration(id='58d14b9cd649440ea7ba23db20285fac', conf={'-ps': 'ps3', '-a': 0.24112027753670456, '-mni': 5, '-miim': 28}, features=[]), '9a620977bb0447738b3c6812cfcf38d3': Configuration(id='9a620977bb0447738b3c6812cfcf38d3', conf={'-ps': 'ps5', '-a': 0.45793631126763756, '-mni': 33, '-miim': 48}, features=[]), '8e7c9ea10cc048acac04a8225868d870': Configuration(id='8e7c9ea10cc048acac04a8225868d870', conf={'-ps': 'ps1', '-a': 0.5954924891678492, '-mni': 31, '-miim': 58}, features=[]), 'fa75126986eb47958d85b8eb919a1d81': Configuration(id='fa75126986eb47958d85b8eb919a1d81', conf={'-ps': 'ps3', '-a': 0.14650585900881627, '-mni': 83, '-miim': 90}, features=[]), '04d41383b4fa414ca0f7281f1a66fa39': Configuration(id='04d41383b4fa414ca0f7281f1a66fa39', conf={'-ps': 'ps3', '-a': 0.26457801029344097, '-mni': 74, '-miim': 57}, features=[]), 'd77a71ff8c19407089ada38c869382c8': Configuration(id='d77a71ff8c19407089ada38c869382c8', conf={'-ps': 'ps6', '-a': 0.015516139308146106, '-mni': 99, '-miim': 42}, features=[]), '4124eb1464284e8aabccdad868b60b6f': Configuration(id='4124eb1464284e8aabccdad868b60b6f', conf={'-ps': 'ps2', '-a': 0.910345268021948, '-mni': 13, '-miim': 67}, features=[]), 'cb6cd042c2394d6bacccf2963875217d': Configuration(id='cb6cd042c2394d6bacccf2963875217d', conf={'-ps': 'ps1', '-a': 0.07461085663529095, '-mni': 11, '-miim': 48}, features=[])} [[2541.9807187727884, 0.2893551830202341], [2541.9807187727884, 4.0025947720278054], [3566.2227446697198, 2.16235326603055], [1.7976931348623157e+208, 5.0], [2574.030558402012, 4.248077278025448], [2541.9807187727884, 4.7320863818749785], [2562.6178760282805, 1.856635106028989], [3537.7418800454384, 0.5878577008843422]] 
05/04/2024 22:25:38: Results:[2541.9807187727884, 2541.9807187727884, 3566.2227446697198, 1.7976931348623157e+208, 2574.030558402012, 2541.9807187727884, 2562.6178760282805, 3537.7418800454384]
Runtimes: [0.2893551830202341, 4.0025947720278054, 2.16235326603055, 5.0, 4.248077278025448, 4.7320863818749785, 1.856635106028989, 0.5878577008843422]
Runtimes with overhead: [0.55, 5.3, 2.99, 0.0, 5.76, 6.37, 2.46, 0.93]
05/04/2024 22:25:38: Winner of tournament 59d458db41f24077b0f08cb9e46c1aff (nr. 8) is d77a71ff8c19407089ada38c869382c8
05/04/2024 22:25:38: Starting tournament 417f6749d236422d9211d2aae12c7208 (nr. 9) on instance /data/instances/travellingsalesman/instance_12.json
05/04/2024 22:25:44: Tried killing pid 2121344 - [Errno 3] No such process - It was run with configuration 58d14b9cd649440ea7ba23db20285fac
05/04/2024 22:25:44: Tried killing pid 2121350 - [Errno 3] No such process - It was run with configuration 9a620977bb0447738b3c6812cfcf38d3
05/04/2024 22:25:44: Tried killing pid 2121356 - [Errno 3] No such process - It was run with configuration d26d2b75ed72440c983c1984270d5ef2
05/04/2024 22:25:44: Tried killing pid 2121361 - [Errno 3] No such process - It was run with configuration 3e5e8c284e474768a1015e61593d467b
05/04/2024 22:25:44: Tried killing pid 2121370 - [Errno 3] No such process - It was run with configuration 731da9e3228a474f874a161e30789a8e
05/04/2024 22:25:44: Tried killing pid 2121373 - [Errno 3] No such process - It was run with configuration e8150bff677f4a0c900b462fc1ce38f2
05/04/2024 22:25:44: Tried killing pid 2121380 - [Errno 3] No such process - It was run with configuration 4d596341fa51482b9f3185a8db257f08
05/04/2024 22:25:44: Tried killing pid 2121384 - [Errno 3] No such process - It was run with configuration 9dee749a01184e4abb58170adcde1ce0
05/04/2024 22:25:44: Results of this tournament: {'58d14b9cd649440ea7ba23db20285fac': Configuration(id='58d14b9cd649440ea7ba23db20285fac', conf={'-ps': 'ps3', '-a': 0.24112027753670456, '-mni': 5, '-miim': 28}, features=[]), '9a620977bb0447738b3c6812cfcf38d3': Configuration(id='9a620977bb0447738b3c6812cfcf38d3', conf={'-ps': 'ps5', '-a': 0.45793631126763756, '-mni': 33, '-miim': 48}, features=[]), 'd26d2b75ed72440c983c1984270d5ef2': Configuration(id='d26d2b75ed72440c983c1984270d5ef2', conf={'-ps': 'ps6', '-a': 0.9046053070197899, '-mni': 37, '-miim': 44}, features=[]), '3e5e8c284e474768a1015e61593d467b': Configuration(id='3e5e8c284e474768a1015e61593d467b', conf={'-ps': 'ps2', '-a': 0.8738036833418706, '-mni': 14, '-miim': 46}, features=[]), '731da9e3228a474f874a161e30789a8e': Configuration(id='731da9e3228a474f874a161e30789a8e', conf={'-ps': 'ps4', '-a': 0.9951668453626098, '-mni': 97, '-miim': 52}, features=[]), 'e8150bff677f4a0c900b462fc1ce38f2': Configuration(id='e8150bff677f4a0c900b462fc1ce38f2', conf={'-ps': 'two_opt', '-a': 0.23363408605113076, '-mni': 14, '-miim': 9}, features=[]), '4d596341fa51482b9f3185a8db257f08': Configuration(id='4d596341fa51482b9f3185a8db257f08', conf={'-ps': 'ps3', '-a': 0.24112027753670456, '-mni': 8, '-miim': 80}, features=[]), '9dee749a01184e4abb58170adcde1ce0': Configuration(id='9dee749a01184e4abb58170adcde1ce0', conf={'-ps': 'ps3', '-a': 0.24112027753670456, '-mni': 5, '-miim': 38}, features=[])} [[2837.5890218260906, 0.4999195639975369], [2837.5890218260906, 3.7856078690383583], [2837.589021826091, 5.025959423976019], [2837.5890218260906, 1.7531925160437822], [1.7976931348623157e+208, 5.0], [2942.5165809652053, 0.20004563289694488], [2837.5890218260906, 1.1796849879901856], [2837.5890218260906, 0.3033644580282271]] 
05/04/2024 22:25:44: Results:[2837.5890218260906, 2837.5890218260906, 2837.589021826091, 2837.5890218260906, 1.7976931348623157e+208, 2942.5165809652053, 2837.5890218260906, 2837.5890218260906]
Runtimes: [0.4999195639975369, 3.7856078690383583, 5.025959423976019, 1.7531925160437822, 5.0, 0.20004563289694488, 1.1796849879901856, 0.3033644580282271]
Runtimes with overhead: [0.82, 5.07, 6.74, 2.55, 0.0, 0.46, 1.72, 0.62]
05/04/2024 22:25:44: Winner of tournament 417f6749d236422d9211d2aae12c7208 (nr. 9) is 9a620977bb0447738b3c6812cfcf38d3
05/04/2024 22:25:44: Starting tournament 78a9677eb2a448a09f2b42284ce7307c (nr. 10) on instance /data/instances/travellingsalesman/instance_13.json
05/04/2024 22:25:50: Tried killing pid 2121576 - [Errno 3] No such process - It was run with configuration 58d14b9cd649440ea7ba23db20285fac
05/04/2024 22:25:50: Tried killing pid 2121582 - [Errno 3] No such process - It was run with configuration 9a620977bb0447738b3c6812cfcf38d3
05/04/2024 22:25:50: Tried killing pid 2121588 - [Errno 3] No such process - It was run with configuration 9128b5e97c094df68fe09c00b9c73e8d
05/04/2024 22:25:50: Tried killing pid 2121594 - [Errno 3] No such process - It was run with configuration dd1323e6627f4305b029551ba36d3a1f
05/04/2024 22:25:50: Tried killing pid 2121606 - [Errno 3] No such process - It was run with configuration 3e5e8c284e474768a1015e61593d467b
05/04/2024 22:25:50: Tried killing pid 2121608 - [Errno 3] No such process - It was run with configuration d736be48012842fbbd859e9c6514c6f1
05/04/2024 22:25:50: Tried killing pid 2121612 - [Errno 3] No such process - It was run with configuration 4d596341fa51482b9f3185a8db257f08
05/04/2024 22:25:50: Tried killing pid 2121616 - [Errno 3] No such process - It was run with configuration 2fb6f54438014e2f87878b515e886203
05/04/2024 22:25:50: Results of this tournament: {'58d14b9cd649440ea7ba23db20285fac': Configuration(id='58d14b9cd649440ea7ba23db20285fac', conf={'-ps': 'ps3', '-a': 0.24112027753670456, '-mni': 5, '-miim': 28}, features=[]), '9a620977bb0447738b3c6812cfcf38d3': Configuration(id='9a620977bb0447738b3c6812cfcf38d3', conf={'-ps': 'ps5', '-a': 0.45793631126763756, '-mni': 33, '-miim': 48}, features=[]), '9128b5e97c094df68fe09c00b9c73e8d': Configuration(id='9128b5e97c094df68fe09c00b9c73e8d', conf={'-ps': 'two_opt', '-a': 0.581003293696925, '-mni': 8, '-miim': 84}, features=[]), 'dd1323e6627f4305b029551ba36d3a1f': Configuration(id='dd1323e6627f4305b029551ba36d3a1f', conf={'-ps': 'ps3', '-a': 0.24112027753670456, '-mni': 5, '-miim': 28}, features=[]), '3e5e8c284e474768a1015e61593d467b': Configuration(id='3e5e8c284e474768a1015e61593d467b', conf={'-ps': 'ps2', '-a': 0.8738036833418706, '-mni': 14, '-miim': 46}, features=[]), 'd736be48012842fbbd859e9c6514c6f1': Configuration(id='d736be48012842fbbd859e9c6514c6f1', conf={'-ps': 'ps4', '-a': 0.6050408936041027, '-mni': 23, '-miim': 17}, features=[]), '4d596341fa51482b9f3185a8db257f08': Configuration(id='4d596341fa51482b9f3185a8db257f08', conf={'-ps': 'ps3', '-a': 0.24112027753670456, '-mni': 8, '-miim': 80}, features=[]), '2fb6f54438014e2f87878b515e886203': Configuration(id='2fb6f54438014e2f87878b515e886203', conf={'-ps': 'two_opt', '-a': 0.9, '-mni': 3, '-miim': 10}, features=[])} [[2656.949888299487, 0.3454644598532468], [2865.0576317399623, 3.545268939808011], [1.7976931348623157e+208, 5.0], [2656.949888299487, 0.27270219405181706], [3146.8469539205335, 2.421896677929908], [2656.949888299487, 0.7249197121709585], [2656.949888299487, 1.0978268501348794], [2656.949888299487, 0.4834413481876254]] 
05/04/2024 22:25:50: Results:[2656.949888299487, 2865.0576317399623, 1.7976931348623157e+208, 2656.949888299487, 3146.8469539205335, 2656.949888299487, 2656.949888299487, 2656.949888299487]
Runtimes: [0.3454644598532468, 3.545268939808011, 5.0, 0.27270219405181706, 2.421896677929908, 0.7249197121709585, 1.0978268501348794, 0.4834413481876254]
Runtimes with overhead: [0.62, 4.7, 0.0, 0.55, 3.32, 1.12, 1.61, 0.8]
05/04/2024 22:25:50: Winner of tournament 78a9677eb2a448a09f2b42284ce7307c (nr. 10) is 4d596341fa51482b9f3185a8db257f08
05/04/2024 22:25:50: Starting tournament 21b76d11c09c432a842b4b0cf1f39191 (nr. 11) on instance /data/instances/travellingsalesman/instance_14.json
